<?xml version="1.0" encoding="UTF-8"?>
<coverage generated="1616110025228" clover="3.2.0">
  <project timestamp="1616110025228" name="All files">
    <metrics statements="9" coveredstatements="9" conditionals="4" coveredconditionals="4" methods="2" coveredmethods="2" elements="15" coveredelements="15" complexity="0" loc="9" ncloc="9" packages="1" files="1" classes="1"/>
    <file name="cob.js" path="C:\Users\Gabriel Antal\Documents\Estudos\UTFPR\Trabalhos para fazer\TC\ativ_5\cobertura\lib\cob.js">
      <metrics statements="9" coveredstatements="9" conditionals="4" coveredconditionals="4" methods="2" coveredmethods="2"/>
      <line num="5" count="2" type="stmt"/>
      <line num="6" count="8" type="stmt"/>
      <line num="7" count="8" type="cond" truecount="2" falsecount="0"/>
      <line num="8" count="1" type="stmt"/>
      <line num="14" count="2" type="stmt"/>
      <line num="15" count="2" type="cond" truecount="2" falsecount="0"/>
      <line num="16" count="1" type="stmt"/>
      <line num="18" count="1" type="stmt"/>
      <line num="25" count="1" type="stmt"/>
    </file>
  </project>
</coverage>
